#
# There is insufficient memory for the Java Runtime Environment to continue.
# Native memory allocation (malloc) failed to allocate 32744 bytes for Chunk::new
# Possible reasons:
#   The system is out of physical RAM or swap space
#   The process is running with CompressedOops enabled, and the Java Heap may be blocking the growth of the native heap
# Possible solutions:
#   Reduce memory load on the system
#   Increase physical memory or swap space
#   Check if swap backing store is full
#   Decrease Java heap size (-Xmx/-Xms)
#   Decrease number of Java threads
#   Decrease Java thread stack sizes (-Xss)
#   Set larger code cache with -XX:ReservedCodeCacheSize=
#   JVM is running with Zero Based Compressed Oops mode in which the Java heap is
#     placed in the first 32GB address space. The Java Heap base address is the
#     maximum limit for the native heap growth. Please use -XX:HeapBaseMinAddress
#     to set the Java Heap base and to place the Java Heap above 32GB virtual address.
# This output file may be truncated or incomplete.
#
#  Out of Memory Error (arena.cpp:184), pid=9336, tid=23064
#
# JRE version: OpenJDK Runtime Environment (19.0.2+7) (build 19.0.2+7-44)
# Java VM: OpenJDK 64-Bit Server VM (19.0.2+7-44, mixed mode, sharing, tiered, compressed oops, compressed class ptrs, g1 gc, windows-amd64)
# No core dump will be written. Minidumps are not enabled by default on client versions of Windows
#

---------------  S U M M A R Y ------------

Command Line: -javaagent:C:\Program Files\JetBrains\IntelliJ IDEA Community Edition 2023.3.4\lib\idea_rt.jar=50448:C:\Program Files\JetBrains\IntelliJ IDEA Community Edition 2023.3.4\bin -Dfile.encoding=UTF-8 -Dsun.stdout.encoding=UTF-8 -Dsun.stderr.encoding=UTF-8 SpringBootRestctrlPagos.SpringBootRestctrlPagosApplication

Host: AMD Ryzen 5 5500U with Radeon Graphics         , 12 cores, 19G,  Windows 11 , 64 bit Build 22621 (10.0.22621.3672)
Time: Wed Aug 14 13:28:16 2024 Hora estándar central (México) elapsed time: 10248.164863 seconds (0d 2h 50m 48s)

---------------  T H R E A D  ---------------

Current thread (0x00000281f309d210):  JavaThread "C2 CompilerThread0" daemon [_thread_in_native, id=23064, stack(0x000000ed1cc00000,0x000000ed1cd00000)]


Current CompileTask:
C2:10248164 11137       4      
[error occurred during error reporting (printing current compile task), id 0xe0000001, Out of Memory Error (s\open\src\hotspot\share\memory\arena.cpp:184)]

Stack: [0x000000ed1cc00000,0x000000ed1cd00000]
Native frames: (J=compiled Java code, j=interpreted, Vv=VM code, C=native code)
V  [jvm.dll+0x6ee21a]
V  [jvm.dll+0x85765e]
V  [jvm.dll+0x85904e]
V  [jvm.dll+0x859703]
V  [jvm.dll+0x28298f]
V  [jvm.dll+0xc9adf]
V  [jvm.dll+0xc9e65]
V  [jvm.dll+0x7bf64c]
V  [jvm.dll+0x7bf739]
V  [jvm.dll+0x6a2709]
V  [jvm.dll+0x2600b6]
V  [jvm.dll+0x8574f6]
V  [jvm.dll+0x85904e]
V  [jvm.dll+0x859703]
V  [jvm.dll+0x28298f]
V  [jvm.dll+0xc9adf]
V  [jvm.dll+0xc9e65]
V  [jvm.dll+0x5f03bb]
V  [jvm.dll+0x255483]
V  [jvm.dll+0x24da11]
V  [jvm.dll+0x24b673]
V  [jvm.dll+0x1d6ce1]
V  [jvm.dll+0x25b25a]
V  [jvm.dll+0x2596e8]
V  [jvm.dll+0x807588]
V  [jvm.dll+0x80125a]
V  [jvm.dll+0x6ecf0b]
C  [ucrtbase.dll+0x29333]
C  [KERNEL32.DLL+0x1257d]
C  [ntdll.dll+0x5af28]


---------------  P R O C E S S  ---------------

Threads class SMR info:
_java_thread_list=0x00000281f9c1f120, length=32, elements={
0x00000281f3065e90, 0x00000281f3068e30, 0x00000281f3069dc0, 0x00000281f306bc60,
0x00000281f306e740, 0x00000281f3071090, 0x00000281f309d210, 0x00000281f309db80,
0x00000281f30a2510, 0x00000281f74df9b0, 0x00000281f74dff00, 0x00000281f74e0450,
0x00000281f74ddf20, 0x00000281f74dd480, 0x00000281fb727fe0, 0x00000281fb72e4d0,
0x00000281fb72fa10, 0x00000281fb72aa60, 0x00000281fb729a70, 0x00000281fb72ba50,
0x00000281fb72b500, 0x00000281fb72cf90, 0x00000281fb72a510, 0x00000281fb72ea20,
0x00000281fb72d4e0, 0x00000281fb72afb0, 0x00000281fb72bfa0, 0x00000281fb72c4f0,
0x00000281fb729520, 0x00000281fb72ca40, 0x00000281fb72da30, 0x00000281fb72df80
}

Java Threads: ( => current thread )
  0x00000281f3065e90 JavaThread "Reference Handler" daemon [_thread_blocked, id=3676, stack(0x000000ed1c600000,0x000000ed1c700000)]
  0x00000281f3068e30 JavaThread "Finalizer" daemon [_thread_blocked, id=14912, stack(0x000000ed1c700000,0x000000ed1c800000)]
  0x00000281f3069dc0 JavaThread "Signal Dispatcher" daemon [_thread_blocked, id=19876, stack(0x000000ed1c800000,0x000000ed1c900000)]
  0x00000281f306bc60 JavaThread "Attach Listener" daemon [_thread_blocked, id=8416, stack(0x000000ed1c900000,0x000000ed1ca00000)]
  0x00000281f306e740 JavaThread "Service Thread" daemon [_thread_blocked, id=15236, stack(0x000000ed1ca00000,0x000000ed1cb00000)]
  0x00000281f3071090 JavaThread "Monitor Deflation Thread" daemon [_thread_blocked, id=14828, stack(0x000000ed1cb00000,0x000000ed1cc00000)]
=>0x00000281f309d210 JavaThread "C2 CompilerThread0" daemon [_thread_in_native, id=23064, stack(0x000000ed1cc00000,0x000000ed1cd00000)]
  0x00000281f309db80 JavaThread "C1 CompilerThread0" daemon [_thread_blocked, id=16792, stack(0x000000ed1cd00000,0x000000ed1ce00000)]
  0x00000281f30a2510 JavaThread "Sweeper thread" daemon [_thread_blocked, id=18064, stack(0x000000ed1ce00000,0x000000ed1cf00000)]
  0x00000281f74df9b0 JavaThread "Common-Cleaner" daemon [_thread_blocked, id=8852, stack(0x000000ed1cf00000,0x000000ed1d000000)]
  0x00000281f74dff00 JavaThread "Monitor Ctrl-Break" daemon [_thread_in_native, id=20248, stack(0x000000ed1d200000,0x000000ed1d300000)]
  0x00000281f74e0450 JavaThread "Notification Thread" daemon [_thread_blocked, id=5504, stack(0x000000ed1d300000,0x000000ed1d400000)]
  0x00000281f74ddf20 JavaThread "mysql-cj-abandoned-connection-cleanup" daemon [_thread_blocked, id=25516, stack(0x000000ed1e200000,0x000000ed1e300000)]
  0x00000281f74dd480 JavaThread "HikariPool-1 housekeeper" daemon [_thread_blocked, id=1428, stack(0x000000ed1e300000,0x000000ed1e400000)]
  0x00000281fb727fe0 JavaThread "Catalina-utility-1" [_thread_blocked, id=17064, stack(0x000000ed1e600000,0x000000ed1e700000)]
  0x00000281fb72e4d0 JavaThread "Catalina-utility-2" [_thread_blocked, id=22960, stack(0x000000ed1e700000,0x000000ed1e800000)]
  0x00000281fb72fa10 JavaThread "container-0" [_thread_blocked, id=26008, stack(0x000000ed1e800000,0x000000ed1e900000)]
  0x00000281fb72aa60 JavaThread "File Watcher" daemon [_thread_in_Java, id=23716, stack(0x000000ed1e900000,0x000000ed1ea00000)]
  0x00000281fb729a70 JavaThread "Live Reload Server" daemon [_thread_in_native, id=13424, stack(0x000000ed1eb00000,0x000000ed1ec00000)]
  0x00000281fb72ba50 JavaThread "http-nio-8010-exec-1" daemon [_thread_blocked, id=18904, stack(0x000000ed1ea00000,0x000000ed1eb00000)]
  0x00000281fb72b500 JavaThread "http-nio-8010-exec-2" daemon [_thread_blocked, id=3324, stack(0x000000ed1ec00000,0x000000ed1ed00000)]
  0x00000281fb72cf90 JavaThread "http-nio-8010-exec-3" daemon [_thread_blocked, id=16448, stack(0x000000ed1ed00000,0x000000ed1ee00000)]
  0x00000281fb72a510 JavaThread "http-nio-8010-exec-4" daemon [_thread_blocked, id=15944, stack(0x000000ed1ee00000,0x000000ed1ef00000)]
  0x00000281fb72ea20 JavaThread "http-nio-8010-exec-5" daemon [_thread_blocked, id=20944, stack(0x000000ed1ef00000,0x000000ed1f000000)]
  0x00000281fb72d4e0 JavaThread "http-nio-8010-exec-6" daemon [_thread_blocked, id=19848, stack(0x000000ed1f000000,0x000000ed1f100000)]
  0x00000281fb72afb0 JavaThread "http-nio-8010-exec-7" daemon [_thread_blocked, id=8412, stack(0x000000ed1f100000,0x000000ed1f200000)]
  0x00000281fb72bfa0 JavaThread "http-nio-8010-exec-8" daemon [_thread_blocked, id=15000, stack(0x000000ed1f200000,0x000000ed1f300000)]
  0x00000281fb72c4f0 JavaThread "http-nio-8010-exec-9" daemon [_thread_blocked, id=26520, stack(0x000000ed1f300000,0x000000ed1f400000)]
  0x00000281fb729520 JavaThread "http-nio-8010-exec-10" daemon [_thread_blocked, id=24108, stack(0x000000ed1f400000,0x000000ed1f500000)]
  0x00000281fb72ca40 JavaThread "http-nio-8010-Poller" daemon [_thread_in_native, id=24320, stack(0x000000ed1f500000,0x000000ed1f600000)]
  0x00000281fb72da30 JavaThread "http-nio-8010-Acceptor" daemon [_thread_in_native, id=3160, stack(0x000000ed1f600000,0x000000ed1f700000)]
  0x00000281fb72df80 JavaThread "DestroyJavaVM" [_thread_blocked, id=22784, stack(0x000000ed1bf00000,0x000000ed1c000000)]

Other Threads:
  0x00000281f3049870 VMThread "VM Thread" [stack: 0x000000ed1c500000,0x000000ed1c600000] [id=22076]
  0x00000281f78e3050 WatcherThread "VM Periodic Task Thread" [stack: 0x000000ed1d400000,0x000000ed1d500000] [id=19904]
  0x00000281cd8589c0 WorkerThread "GC Thread#0" [stack: 0x000000ed1c000000,0x000000ed1c100000] [id=23000]
  0x00000281f7a02c70 WorkerThread "GC Thread#1" [stack: 0x000000ed1d700000,0x000000ed1d800000] [id=4792]
  0x00000281f801e050 WorkerThread "GC Thread#2" [stack: 0x000000ed1d800000,0x000000ed1d900000] [id=18476]
  0x00000281f7ff7140 WorkerThread "GC Thread#3" [stack: 0x000000ed1d900000,0x000000ed1da00000] [id=9788]
  0x00000281f7ff7410 WorkerThread "GC Thread#4" [stack: 0x000000ed1da00000,0x000000ed1db00000] [id=19300]
  0x00000281f7ff6ba0 WorkerThread "GC Thread#5" [stack: 0x000000ed1db00000,0x000000ed1dc00000] [id=6212]
  0x00000281f7ff68d0 WorkerThread "GC Thread#6" [stack: 0x000000ed1dc00000,0x000000ed1dd00000] [id=2852]
  0x00000281f7ff6e70 WorkerThread "GC Thread#7" [stack: 0x000000ed1de00000,0x000000ed1df00000] [id=6456]
  0x00000281f7ff76e0 WorkerThread "GC Thread#8" [stack: 0x000000ed1df00000,0x000000ed1e000000] [id=20296]
  0x00000281f7ff6600 WorkerThread "GC Thread#9" [stack: 0x000000ed1dd00000,0x000000ed1de00000] [id=22060]
  0x00000281cd8632c0 ConcurrentGCThread "G1 Main Marker" [stack: 0x000000ed1c100000,0x000000ed1c200000] [id=20860]
  0x00000281cd864db0 WorkerThread "G1 Conc#0" [stack: 0x000000ed1c200000,0x000000ed1c300000] [id=3380]
  0x00000281f9f9cd30 WorkerThread "G1 Conc#1" [stack: 0x000000ed1e000000,0x000000ed1e100000] [id=24308]
  0x00000281f9f9ab70 WorkerThread "G1 Conc#2" [stack: 0x000000ed1e100000,0x000000ed1e200000] [id=18248]
  0x00000281f2f0bdf0 ConcurrentGCThread "G1 Refine#0" [stack: 0x000000ed1c300000,0x000000ed1c400000] [id=9876]
  0x00000281f2f0c840 ConcurrentGCThread "G1 Service" [stack: 0x000000ed1c400000,0x000000ed1c500000] [id=21476]

Threads with active compile tasks:
C2 CompilerThread0  10248200 11137       4       java.lang.invoke.MemberName::getInvocationType (56 bytes)

VM state: not at safepoint (normal execution)

VM Mutex/Monitor currently owned by a thread: None

Heap address: 0x00000006cac00000, size: 4948 MB, Compressed Oops mode: Zero based, Oop shift amount: 3

CDS archive(s) mapped at: [0x0000000800000000-0x0000000800c40000-0x0000000800c40000), size 12845056, SharedBaseAddress: 0x0000000800000000, ArchiveRelocationMode: 0.
Compressed class space mapped at: 0x0000000801000000-0x0000000841000000, reserved size: 1073741824
Narrow klass base: 0x0000000800000000, Narrow klass shift: 0, Narrow klass range: 0x100000000

GC Precious Log:
 CardTable entry size: 512
 Card Set container configuration: InlinePtr #cards 4 size 8 Array Of Cards #cards 32 size 80 Howl #buckets 8 coarsen threshold 7372 Howl Bitmap #cards 1024 size 144 coarsen threshold 921 Card regions per heap region 1 cards per card region 8192
 CPUs: 12 total, 12 available
 Memory: 19790M
 Large Page Support: Disabled
 NUMA Support: Disabled
 Compressed Oops: Enabled (Zero based)
 Heap Region Size: 4M
 Heap Min Capacity: 8M
 Heap Initial Capacity: 312M
 Heap Max Capacity: 4948M
 Pre-touch: Disabled
 Parallel Workers: 10
 Concurrent Workers: 3
 Concurrent Refinement Workers: 10
 Periodic GC: Disabled

Heap:
 garbage-first heap   total 196608K, used 41218K [0x00000006cac00000, 0x0000000800000000)
  region size 4096K, 3 young (12288K), 1 survivors (4096K)
 Metaspace       used 79278K, committed 80000K, reserved 1179648K
  class space    used 10294K, committed 10624K, reserved 1048576K

Heap Regions: E=young(eden), S=young(survivor), O=old, HS=humongous(starts), HC=humongous(continues), CS=collection set, F=free, OA=open archive, CA=closed archive, TAMS=top-at-mark-start (previous, next)
|   0|0x00000006cac00000, 0x00000006cb000000, 0x00000006cb000000|100%| O|  |TAMS 0x00000006cb000000, 0x00000006cac00000| Untracked 
|   1|0x00000006cb000000, 0x00000006cb400000, 0x00000006cb400000|100%| O|  |TAMS 0x00000006cb145600, 0x00000006cb000000| Untracked 
|   2|0x00000006cb400000, 0x00000006cb800000, 0x00000006cb800000|100%| O|  |TAMS 0x00000006cb800000, 0x00000006cb400000| Untracked 
|   3|0x00000006cb800000, 0x00000006cbc00000, 0x00000006cbc00000|100%| O|  |TAMS 0x00000006cbc00000, 0x00000006cb800000| Untracked 
|   4|0x00000006cbc00000, 0x00000006cc000000, 0x00000006cc000000|100%| O|  |TAMS 0x00000006cc000000, 0x00000006cbc00000| Untracked 
|   5|0x00000006cc000000, 0x00000006cc400000, 0x00000006cc400000|100%| O|  |TAMS 0x00000006cc000000, 0x00000006cc000000| Untracked 
|   6|0x00000006cc400000, 0x00000006cc800000, 0x00000006cc800000|100%| O|  |TAMS 0x00000006cc400000, 0x00000006cc400000| Untracked 
|   7|0x00000006cc800000, 0x00000006ccc00000, 0x00000006ccc00000|100%| O|  |TAMS 0x00000006ccc00000, 0x00000006cc800000| Untracked 
|   8|0x00000006ccc00000, 0x00000006ccf87a00, 0x00000006cd000000| 88%| O|  |TAMS 0x00000006ccc00000, 0x00000006ccc00000| Untracked 
|   9|0x00000006cd000000, 0x00000006cd000000, 0x00000006cd400000|  0%| F|  |TAMS 0x00000006cd000000, 0x00000006cd000000| Untracked 
|  10|0x00000006cd400000, 0x00000006cd400000, 0x00000006cd800000|  0%| F|  |TAMS 0x00000006cd400000, 0x00000006cd400000| Untracked 
|  11|0x00000006cd800000, 0x00000006cd800000, 0x00000006cdc00000|  0%| F|  |TAMS 0x00000006cd800000, 0x00000006cd800000| Untracked 
|  12|0x00000006cdc00000, 0x00000006cdc00000, 0x00000006ce000000|  0%| F|  |TAMS 0x00000006cdc00000, 0x00000006cdc00000| Untracked 
|  13|0x00000006ce000000, 0x00000006ce000000, 0x00000006ce400000|  0%| F|  |TAMS 0x00000006ce000000, 0x00000006ce000000| Untracked 
|  14|0x00000006ce400000, 0x00000006ce400000, 0x00000006ce800000|  0%| F|  |TAMS 0x00000006ce400000, 0x00000006ce400000| Untracked 
|  15|0x00000006ce800000, 0x00000006ce800000, 0x00000006cec00000|  0%| F|  |TAMS 0x00000006ce800000, 0x00000006ce800000| Untracked 
|  16|0x00000006cec00000, 0x00000006cec00000, 0x00000006cf000000|  0%| F|  |TAMS 0x00000006cec00000, 0x00000006cec00000| Untracked 
|  17|0x00000006cf000000, 0x00000006cf000000, 0x00000006cf400000|  0%| F|  |TAMS 0x00000006cf000000, 0x00000006cf000000| Untracked 
|  18|0x00000006cf400000, 0x00000006cf400000, 0x00000006cf800000|  0%| F|  |TAMS 0x00000006cf400000, 0x00000006cf400000| Untracked 
|  19|0x00000006cf800000, 0x00000006cf8b9190, 0x00000006cfc00000| 18%| S|CS|TAMS 0x00000006cf800000, 0x00000006cf800000| Complete 
|  20|0x00000006cfc00000, 0x00000006cfc00000, 0x00000006d0000000|  0%| F|  |TAMS 0x00000006cfc00000, 0x00000006cfc00000| Untracked 
|  21|0x00000006d0000000, 0x00000006d0000000, 0x00000006d0400000|  0%| F|  |TAMS 0x00000006d0000000, 0x00000006d0000000| Untracked 
|  22|0x00000006d0400000, 0x00000006d0400000, 0x00000006d0800000|  0%| F|  |TAMS 0x00000006d0400000, 0x00000006d0400000| Untracked 
|  23|0x00000006d0800000, 0x00000006d0800000, 0x00000006d0c00000|  0%| F|  |TAMS 0x00000006d0800000, 0x00000006d0800000| Untracked 
|  24|0x00000006d0c00000, 0x00000006d0c00000, 0x00000006d1000000|  0%| F|  |TAMS 0x00000006d0c00000, 0x00000006d0c00000| Untracked 
|  25|0x00000006d1000000, 0x00000006d1000000, 0x00000006d1400000|  0%| F|  |TAMS 0x00000006d1000000, 0x00000006d1000000| Untracked 
|  26|0x00000006d1400000, 0x00000006d1400000, 0x00000006d1800000|  0%| F|  |TAMS 0x00000006d1400000, 0x00000006d1400000| Untracked 
|  27|0x00000006d1800000, 0x00000006d1800000, 0x00000006d1c00000|  0%| F|  |TAMS 0x00000006d1800000, 0x00000006d1800000| Untracked 
|  28|0x00000006d1c00000, 0x00000006d1c00000, 0x00000006d2000000|  0%| F|  |TAMS 0x00000006d1c00000, 0x00000006d1c00000| Untracked 
|  29|0x00000006d2000000, 0x00000006d2000000, 0x00000006d2400000|  0%| F|  |TAMS 0x00000006d2000000, 0x00000006d2000000| Untracked 
|  30|0x00000006d2400000, 0x00000006d2400000, 0x00000006d2800000|  0%| F|  |TAMS 0x00000006d2400000, 0x00000006d2400000| Untracked 
|  31|0x00000006d2800000, 0x00000006d2800000, 0x00000006d2c00000|  0%| F|  |TAMS 0x00000006d2800000, 0x00000006d2800000| Untracked 
|  32|0x00000006d2c00000, 0x00000006d2c00000, 0x00000006d3000000|  0%| F|  |TAMS 0x00000006d2c00000, 0x00000006d2c00000| Untracked 
|  33|0x00000006d3000000, 0x00000006d3000000, 0x00000006d3400000|  0%| F|  |TAMS 0x00000006d3000000, 0x00000006d3000000| Untracked 
|  34|0x00000006d3400000, 0x00000006d3400000, 0x00000006d3800000|  0%| F|  |TAMS 0x00000006d3400000, 0x00000006d3400000| Untracked 
|  35|0x00000006d3800000, 0x00000006d3800000, 0x00000006d3c00000|  0%| F|  |TAMS 0x00000006d3800000, 0x00000006d3800000| Untracked 
|  36|0x00000006d3c00000, 0x00000006d3c00000, 0x00000006d4000000|  0%| F|  |TAMS 0x00000006d3c00000, 0x00000006d3c00000| Untracked 
|  37|0x00000006d4000000, 0x00000006d4000000, 0x00000006d4400000|  0%| F|  |TAMS 0x00000006d4000000, 0x00000006d4000000| Untracked 
|  38|0x00000006d4400000, 0x00000006d4400000, 0x00000006d4800000|  0%| F|  |TAMS 0x00000006d4400000, 0x00000006d4400000| Untracked 
|  39|0x00000006d4800000, 0x00000006d4800000, 0x00000006d4c00000|  0%| F|  |TAMS 0x00000006d4800000, 0x00000006d4800000| Untracked 
|  40|0x00000006d4c00000, 0x00000006d4c00000, 0x00000006d5000000|  0%| F|  |TAMS 0x00000006d4c00000, 0x00000006d4c00000| Untracked 
|  41|0x00000006d5000000, 0x00000006d5000000, 0x00000006d5400000|  0%| F|  |TAMS 0x00000006d5000000, 0x00000006d5000000| Untracked 
|  42|0x00000006d5400000, 0x00000006d5400000, 0x00000006d5800000|  0%| F|  |TAMS 0x00000006d5400000, 0x00000006d5400000| Untracked 
|  43|0x00000006d5800000, 0x00000006d5800000, 0x00000006d5c00000|  0%| F|  |TAMS 0x00000006d5800000, 0x00000006d5800000| Untracked 
|  44|0x00000006d5c00000, 0x00000006d5c00000, 0x00000006d6000000|  0%| F|  |TAMS 0x00000006d5c00000, 0x00000006d5c00000| Untracked 
|  68|0x00000006dbc00000, 0x00000006dbc00000, 0x00000006dc000000|  0%| F|  |TAMS 0x00000006dbc00000, 0x00000006dbc00000| Untracked 
|  69|0x00000006dc000000, 0x00000006dc201cb8, 0x00000006dc400000| 50%| E|  |TAMS 0x00000006dc000000, 0x00000006dc000000| Complete 
|  77|0x00000006de000000, 0x00000006de400000, 0x00000006de400000|100%| E|CS|TAMS 0x00000006de000000, 0x00000006de000000| Complete 

Card table byte_map: [0x00000281e5620000,0x00000281e5fd0000] _byte_map_base: 0x00000281e1fca000

Marking Bits (Prev, Next): (CMBitMap*) 0x00000281cd858f40, (CMBitMap*) 0x00000281cd858f00
 Prev Bits: [0x00000281eb6d0000, 0x00000281f0420000)
 Next Bits: [0x00000281e6980000, 0x00000281eb6d0000)

Polling page: 0x00000281cb710000

Metaspace:

Usage:
  Non-class:     67.37 MB used.
      Class:     10.05 MB used.
       Both:     77.42 MB used.

Virtual space:
  Non-class space:      128.00 MB reserved,      67.75 MB ( 53%) committed,  2 nodes.
      Class space:        1.00 GB reserved,      10.38 MB (  1%) committed,  1 nodes.
             Both:        1.12 GB reserved,      78.12 MB (  7%) committed. 

Chunk freelists:
   Non-Class:  3.94 MB
       Class:  1.64 MB
        Both:  5.59 MB

MaxMetaspaceSize: unlimited
CompressedClassSpaceSize: 1.00 GB
Initial GC threshold: 21.00 MB
Current GC threshold: 98.88 MB
CDS: on
MetaspaceReclaimPolicy: balanced
 - commit_granule_bytes: 65536.
 - commit_granule_words: 8192.
 - virtual_space_node_default_size: 8388608.
 - enlarge_chunks_in_place: 1.
 - new_chunks_are_fully_committed: 0.
 - uncommit_free_chunks: 1.
 - use_allocation_guard: 0.


Internal statistics:

num_allocs_failed_limit: 12.
num_arena_births: 1052.
num_arena_deaths: 0.
num_vsnodes_births: 3.
num_vsnodes_deaths: 0.
num_space_committed: 1250.
num_space_uncommitted: 0.
num_chunks_returned_to_freelist: 12.
num_chunks_taken_from_freelist: 3771.
num_chunk_merges: 12.
num_chunk_splits: 2770.
num_chunks_enlarged: 2254.
num_inconsistent_stats: 0.

CodeHeap 'non-profiled nmethods': size=120000Kb used=5681Kb max_used=5681Kb free=114318Kb
 bounds [0x00000281dd1f0000, 0x00000281dd780000, 0x00000281e4720000]
CodeHeap 'profiled nmethods': size=120000Kb used=18424Kb max_used=18424Kb free=101575Kb
 bounds [0x00000281d5720000, 0x00000281d6930000, 0x00000281dcc50000]
CodeHeap 'non-nmethods': size=5760Kb used=1487Kb max_used=1542Kb free=4273Kb
 bounds [0x00000281dcc50000, 0x00000281dcec0000, 0x00000281dd1f0000]
 total_blobs=10313 nmethods=9568 adapters=654
 compilation: enabled
              stopped_count=0, restarted_count=0
 full_count=0

Compilation events (20 events):
Event: 8915.449 Thread 0x00000281f309db80 nmethod 11125 0x00000281d691b590 code [0x00000281d691b740, 0x00000281d691b9f8]
Event: 8915.450 Thread 0x00000281f309db80 11126       3       sun.security.ssl.SupportedGroupsExtension$SupportedGroups::isActivatable (90 bytes)
Event: 8915.450 Thread 0x00000281f309db80 nmethod 11126 0x00000281d691bb10 code [0x00000281d691bce0, 0x00000281d691c108]
Event: 8915.451 Thread 0x00000281f309db80 11127       3       java.util.Arrays::fill (28 bytes)
Event: 8915.451 Thread 0x00000281f309d210 11128       4       sun.security.jca.ProviderList$ServiceList::tryGet (304 bytes)
Event: 8915.451 Thread 0x00000281f309db80 nmethod 11127 0x00000281d691c290 code [0x00000281d691c440, 0x00000281d691c668]
Event: 8915.455 Thread 0x00000281f309db80 11129   !   3       javax.crypto.Cipher::tokenizeTransformation (212 bytes)
Event: 8915.456 Thread 0x00000281f309db80 nmethod 11129 0x00000281d691c790 code [0x00000281d691cc60, 0x00000281d691ee78]
Event: 8915.473 Thread 0x00000281f309d210 nmethod 11128 0x00000281dd775910 code [0x00000281dd775b60, 0x00000281dd7770c8]
Event: 8915.473 Thread 0x00000281f309d210 11130       4       com.sun.crypto.provider.GaloisCounterMode::checkInit (67 bytes)
Event: 8915.507 Thread 0x00000281f309d210 nmethod 11130 0x00000281dd777b90 code [0x00000281dd777e20, 0x00000281dd77a778]
Event: 10016.071 Thread 0x00000281f309d210 11131       4       java.lang.Thread::getContextClassLoader (41 bytes)
Event: 10016.072 Thread 0x00000281f309d210 nmethod 11131 0x00000281dd77b610 code [0x00000281dd77b7a0, 0x00000281dd77b858]
Event: 10136.184 Thread 0x00000281f309d210 11132       4       java.util.TreeMap::put (8 bytes)
Event: 10136.185 Thread 0x00000281f309d210 nmethod 11132 0x00000281dd77b910 code [0x00000281dd77baa0, 0x00000281dd77bb48]
Event: 10247.932 Thread 0x00000281f309db80 11133       1       org.springframework.boot.devtools.filewatch.FileSnapshot::getFile (5 bytes)
Event: 10247.932 Thread 0x00000281f309db80 nmethod 11133 0x00000281dd77bc10 code [0x00000281dd77bda0, 0x00000281dd77be78]
Event: 10248.076 Thread 0x00000281f309db80 11134       3       org.springframework.core.annotation.AnnotationAwareOrderComparator::findOrderFromAnnotation (69 bytes)
Event: 10248.090 Thread 0x00000281f309db80 nmethod 11134 0x00000281d691fc90 code [0x00000281d691fec0, 0x00000281d69207f8]
Event: 10248.150 Thread 0x00000281f309d210 11137       4       java.lang.invoke.MemberName::getInvocationType (56 bytes)

GC Heap History (20 events):
Event: 4205.922 GC heap before
{Heap before GC invocations=24 (full 0):
 garbage-first heap   total 196608K, used 140627K [0x00000006cac00000, 0x0000000800000000)
  region size 4096K, 28 young (114688K), 3 survivors (12288K)
 Metaspace       used 79087K, committed 79808K, reserved 1179648K
  class space    used 10288K, committed 10624K, reserved 1048576K
}
Event: 4205.929 GC heap after
{Heap after GC invocations=25 (full 0):
 garbage-first heap   total 196608K, used 38129K [0x00000006cac00000, 0x0000000800000000)
  region size 4096K, 1 young (4096K), 1 survivors (4096K)
 Metaspace       used 79087K, committed 79808K, reserved 1179648K
  class space    used 10288K, committed 10624K, reserved 1048576K
}
Event: 4876.512 GC heap before
{Heap before GC invocations=25 (full 0):
 garbage-first heap   total 196608K, used 148721K [0x00000006cac00000, 0x0000000800000000)
  region size 4096K, 28 young (114688K), 1 survivors (4096K)
 Metaspace       used 79121K, committed 79872K, reserved 1179648K
  class space    used 10288K, committed 10624K, reserved 1048576K
}
Event: 4876.515 GC heap after
{Heap after GC invocations=26 (full 0):
 garbage-first heap   total 196608K, used 37366K [0x00000006cac00000, 0x0000000800000000)
  region size 4096K, 1 young (4096K), 1 survivors (4096K)
 Metaspace       used 79121K, committed 79872K, reserved 1179648K
  class space    used 10288K, committed 10624K, reserved 1048576K
}
Event: 5532.015 GC heap before
{Heap before GC invocations=26 (full 0):
 garbage-first heap   total 196608K, used 147958K [0x00000006cac00000, 0x0000000800000000)
  region size 4096K, 28 young (114688K), 1 survivors (4096K)
 Metaspace       used 79153K, committed 79872K, reserved 1179648K
  class space    used 10288K, committed 10624K, reserved 1048576K
}
Event: 5532.017 GC heap after
{Heap after GC invocations=27 (full 0):
 garbage-first heap   total 196608K, used 37546K [0x00000006cac00000, 0x0000000800000000)
  region size 4096K, 1 young (4096K), 1 survivors (4096K)
 Metaspace       used 79153K, committed 79872K, reserved 1179648K
  class space    used 10288K, committed 10624K, reserved 1048576K
}
Event: 6213.093 GC heap before
{Heap before GC invocations=27 (full 0):
 garbage-first heap   total 196608K, used 148138K [0x00000006cac00000, 0x0000000800000000)
  region size 4096K, 28 young (114688K), 1 survivors (4096K)
 Metaspace       used 79154K, committed 79872K, reserved 1179648K
  class space    used 10288K, committed 10624K, reserved 1048576K
}
Event: 6213.096 GC heap after
{Heap after GC invocations=28 (full 0):
 garbage-first heap   total 196608K, used 37116K [0x00000006cac00000, 0x0000000800000000)
  region size 4096K, 1 young (4096K), 1 survivors (4096K)
 Metaspace       used 79154K, committed 79872K, reserved 1179648K
  class space    used 10288K, committed 10624K, reserved 1048576K
}
Event: 6896.044 GC heap before
{Heap before GC invocations=28 (full 0):
 garbage-first heap   total 196608K, used 147708K [0x00000006cac00000, 0x0000000800000000)
  region size 4096K, 28 young (114688K), 1 survivors (4096K)
 Metaspace       used 79158K, committed 79872K, reserved 1179648K
  class space    used 10288K, committed 10624K, reserved 1048576K
}
Event: 6896.047 GC heap after
{Heap after GC invocations=29 (full 0):
 garbage-first heap   total 196608K, used 37058K [0x00000006cac00000, 0x0000000800000000)
  region size 4096K, 1 young (4096K), 1 survivors (4096K)
 Metaspace       used 79158K, committed 79872K, reserved 1179648K
  class space    used 10288K, committed 10624K, reserved 1048576K
}
Event: 7530.225 GC heap before
{Heap before GC invocations=29 (full 0):
 garbage-first heap   total 196608K, used 147650K [0x00000006cac00000, 0x0000000800000000)
  region size 4096K, 28 young (114688K), 1 survivors (4096K)
 Metaspace       used 79190K, committed 79872K, reserved 1179648K
  class space    used 10288K, committed 10624K, reserved 1048576K
}
Event: 7530.228 GC heap after
{Heap after GC invocations=30 (full 0):
 garbage-first heap   total 196608K, used 37449K [0x00000006cac00000, 0x0000000800000000)
  region size 4096K, 1 young (4096K), 1 survivors (4096K)
 Metaspace       used 79190K, committed 79872K, reserved 1179648K
  class space    used 10288K, committed 10624K, reserved 1048576K
}
Event: 8212.658 GC heap before
{Heap before GC invocations=30 (full 0):
 garbage-first heap   total 196608K, used 148041K [0x00000006cac00000, 0x0000000800000000)
  region size 4096K, 28 young (114688K), 1 survivors (4096K)
 Metaspace       used 79202K, committed 79872K, reserved 1179648K
  class space    used 10288K, committed 10624K, reserved 1048576K
}
Event: 8212.661 GC heap after
{Heap after GC invocations=31 (full 0):
 garbage-first heap   total 196608K, used 37069K [0x00000006cac00000, 0x0000000800000000)
  region size 4096K, 1 young (4096K), 1 survivors (4096K)
 Metaspace       used 79202K, committed 79872K, reserved 1179648K
  class space    used 10288K, committed 10624K, reserved 1048576K
}
Event: 8879.165 GC heap before
{Heap before GC invocations=31 (full 0):
 garbage-first heap   total 196608K, used 147661K [0x00000006cac00000, 0x0000000800000000)
  region size 4096K, 28 young (114688K), 1 survivors (4096K)
 Metaspace       used 79233K, committed 80000K, reserved 1179648K
  class space    used 10288K, committed 10624K, reserved 1048576K
}
Event: 8879.169 GC heap after
{Heap after GC invocations=32 (full 0):
 garbage-first heap   total 196608K, used 37224K [0x00000006cac00000, 0x0000000800000000)
  region size 4096K, 1 young (4096K), 1 survivors (4096K)
 Metaspace       used 79233K, committed 80000K, reserved 1179648K
  class space    used 10288K, committed 10624K, reserved 1048576K
}
Event: 9529.660 GC heap before
{Heap before GC invocations=32 (full 0):
 garbage-first heap   total 196608K, used 147816K [0x00000006cac00000, 0x0000000800000000)
  region size 4096K, 28 young (114688K), 1 survivors (4096K)
 Metaspace       used 79257K, committed 80000K, reserved 1179648K
  class space    used 10288K, committed 10624K, reserved 1048576K
}
Event: 9529.663 GC heap after
{Heap after GC invocations=33 (full 0):
 garbage-first heap   total 196608K, used 37287K [0x00000006cac00000, 0x0000000800000000)
  region size 4096K, 1 young (4096K), 1 survivors (4096K)
 Metaspace       used 79257K, committed 80000K, reserved 1179648K
  class space    used 10288K, committed 10624K, reserved 1048576K
}
Event: 10216.780 GC heap before
{Heap before GC invocations=33 (full 0):
 garbage-first heap   total 196608K, used 147879K [0x00000006cac00000, 0x0000000800000000)
  region size 4096K, 28 young (114688K), 1 survivors (4096K)
 Metaspace       used 79257K, committed 80000K, reserved 1179648K
  class space    used 10288K, committed 10624K, reserved 1048576K
}
Event: 10216.798 GC heap after
{Heap after GC invocations=34 (full 0):
 garbage-first heap   total 196608K, used 37122K [0x00000006cac00000, 0x0000000800000000)
  region size 4096K, 1 young (4096K), 1 survivors (4096K)
 Metaspace       used 79257K, committed 80000K, reserved 1179648K
  class space    used 10288K, committed 10624K, reserved 1048576K
}

Dll operation events (14 events):
Event: 0.015 Loaded shared library C:\cursos\Java\jdk-19.0.2\bin\java.dll
Event: 0.025 Loaded shared library C:\cursos\Java\jdk-19.0.2\bin\jsvml.dll
Event: 0.172 Loaded shared library C:\cursos\Java\jdk-19.0.2\bin\zip.dll
Event: 0.175 Loaded shared library C:\cursos\Java\jdk-19.0.2\bin\instrument.dll
Event: 0.183 Loaded shared library C:\cursos\Java\jdk-19.0.2\bin\net.dll
Event: 0.186 Loaded shared library C:\cursos\Java\jdk-19.0.2\bin\nio.dll
Event: 0.189 Loaded shared library C:\cursos\Java\jdk-19.0.2\bin\zip.dll
Event: 0.301 Loaded shared library C:\Program Files\JetBrains\IntelliJ IDEA Community Edition 2023.3.4\bin\breakgen64.dll
Event: 0.313 Loaded shared library C:\cursos\Java\jdk-19.0.2\bin\extnet.dll
Event: 0.350 Loaded shared library C:\cursos\Java\jdk-19.0.2\bin\jimage.dll
Event: 0.682 Loaded shared library C:\cursos\Java\jdk-19.0.2\bin\management.dll
Event: 0.685 Loaded shared library C:\cursos\Java\jdk-19.0.2\bin\management_ext.dll
Event: 4.008 Loaded shared library C:\cursos\Java\jdk-19.0.2\bin\sunmscapi.dll
Event: 4.741 Loaded shared library C:\cursos\Java\jdk-19.0.2\bin\verify.dll

Deoptimization events (20 events):
Event: 10246.535 Thread 0x00000281fb72aa60 Uncommon trap: trap_request=0xffffffc6 fr.pc=0x00000281dd5bd35c relative=0x0000000000000d1c
Event: 10246.535 Thread 0x00000281fb72aa60 Uncommon trap: reason=bimorphic_or_optimized_type_check action=maybe_recompile pc=0x00000281dd5bd35c method=java.util.AbstractCollection.containsAll(Ljava/util/Collection;)Z @ 25 c2
Event: 10246.536 Thread 0x00000281fb72aa60 DEOPT PACKING pc=0x00000281dd5bd35c sp=0x000000ed1e9ff330
Event: 10246.538 Thread 0x00000281fb72aa60 DEOPT UNPACKING pc=0x00000281dccb6da3 sp=0x000000ed1e9ff308 mode 2
Event: 10246.552 Thread 0x00000281fb72aa60 Uncommon trap: trap_request=0xffffff45 fr.pc=0x00000281dd4e9a18 relative=0x0000000000000238
Event: 10246.552 Thread 0x00000281fb72aa60 Uncommon trap: reason=unstable_if action=reinterpret pc=0x00000281dd4e9a18 method=java.util.AbstractSet.equals(Ljava/lang/Object;)Z @ 31 c2
Event: 10246.552 Thread 0x00000281fb72aa60 DEOPT PACKING pc=0x00000281dd4e9a18 sp=0x000000ed1e9ff2b0
Event: 10246.552 Thread 0x00000281fb72aa60 DEOPT UNPACKING pc=0x00000281dccb6da3 sp=0x000000ed1e9ff238 mode 2
Event: 10247.013 Thread 0x00000281fb72aa60 Uncommon trap: trap_request=0xffffffc6 fr.pc=0x00000281dd5bd35c relative=0x0000000000000d1c
Event: 10247.013 Thread 0x00000281fb72aa60 Uncommon trap: reason=bimorphic_or_optimized_type_check action=maybe_recompile pc=0x00000281dd5bd35c method=java.util.AbstractCollection.containsAll(Ljava/util/Collection;)Z @ 25 c2
Event: 10247.013 Thread 0x00000281fb72aa60 DEOPT PACKING pc=0x00000281dd5bd35c sp=0x000000ed1e9ff330
Event: 10247.013 Thread 0x00000281fb72aa60 DEOPT UNPACKING pc=0x00000281dccb6da3 sp=0x000000ed1e9ff308 mode 2
Event: 10247.419 Thread 0x00000281fb72aa60 Uncommon trap: trap_request=0xffffffc6 fr.pc=0x00000281dd5bd35c relative=0x0000000000000d1c
Event: 10247.419 Thread 0x00000281fb72aa60 Uncommon trap: reason=bimorphic_or_optimized_type_check action=maybe_recompile pc=0x00000281dd5bd35c method=java.util.AbstractCollection.containsAll(Ljava/util/Collection;)Z @ 25 c2
Event: 10247.419 Thread 0x00000281fb72aa60 DEOPT PACKING pc=0x00000281dd5bd35c sp=0x000000ed1e9ff330
Event: 10247.419 Thread 0x00000281fb72aa60 DEOPT UNPACKING pc=0x00000281dccb6da3 sp=0x000000ed1e9ff308 mode 2
Event: 10247.824 Thread 0x00000281fb72aa60 Uncommon trap: trap_request=0xffffffc6 fr.pc=0x00000281dd5bd35c relative=0x0000000000000d1c
Event: 10247.824 Thread 0x00000281fb72aa60 Uncommon trap: reason=bimorphic_or_optimized_type_check action=maybe_recompile pc=0x00000281dd5bd35c method=java.util.AbstractCollection.containsAll(Ljava/util/Collection;)Z @ 25 c2
Event: 10247.824 Thread 0x00000281fb72aa60 DEOPT PACKING pc=0x00000281dd5bd35c sp=0x000000ed1e9ff330
Event: 10247.824 Thread 0x00000281fb72aa60 DEOPT UNPACKING pc=0x00000281dccb6da3 sp=0x000000ed1e9ff308 mode 2

Classes loaded (20 events):
Event: 22.240 Loading class sun/util/resources/LocaleData$CommonResourceBundleProvider
Event: 22.240 Loading class sun/util/resources/LocaleData$LocaleDataResourceBundleProvider
Event: 22.240 Loading class java/util/spi/ResourceBundleProvider
Event: 22.240 Loading class java/util/spi/ResourceBundleProvider done
Event: 22.240 Loading class sun/util/resources/LocaleData$LocaleDataResourceBundleProvider done
Event: 22.240 Loading class sun/util/resources/LocaleData$CommonResourceBundleProvider done
Event: 22.240 Loading class java/util/ArrayList$SubList$1
Event: 22.240 Loading class java/util/ArrayList$SubList$1 done
Event: 22.241 Loading class sun/util/resources/Bundles$2
Event: 22.241 Loading class sun/util/resources/Bundles$2 done
Event: 69.229 Loading class java/util/concurrent/locks/ReentrantReadWriteLock$Sync$HoldCounter
Event: 69.229 Loading class java/util/concurrent/locks/ReentrantReadWriteLock$Sync$HoldCounter done
Event: 1767.666 Loading class sun/security/ssl/Alert
Event: 1767.666 Loading class sun/security/ssl/Alert done
Event: 1767.666 Loading class sun/security/ssl/Alert$AlertConsumer
Event: 1767.667 Loading class sun/security/ssl/Alert$AlertConsumer done
Event: 1767.667 Loading class sun/security/ssl/Alert$Level
Event: 1767.667 Loading class sun/security/ssl/Alert$Level done
Event: 1767.667 Loading class sun/net/ConnectionResetException
Event: 1767.667 Loading class sun/net/ConnectionResetException done

Classes unloaded (0 events):
No events

Classes redefined (0 events):
No events

Internal exceptions (20 events):
Event: 51.037 Thread 0x00000281fb72afb0 Exception <a 'java/lang/NoSuchMethodError'{0x00000006de3e5f30}: 'int java.lang.invoke.DirectMethodHandle$Holder.invokeStatic(java.lang.Object, java.lang.Object, int, int)'> (0x00000006de3e5f30) 
thrown [s\open\src\hotspot\share\interpreter\linkResolver.cpp, line 774]
Event: 1767.667 Thread 0x00000281fb72ef70 Exception <a 'java/io/IOException'{0x00000006dbee1710}> (0x00000006dbee1710) 
thrown [s\open\src\hotspot\share\prims\jni.cpp, line 517]
Event: 1767.667 Thread 0x00000281fb72ef70 Exception <a 'java/io/IOException'{0x00000006dbee2268}> (0x00000006dbee2268) 
thrown [s\open\src\hotspot\share\prims\jni.cpp, line 517]
Event: 1768.411 Thread 0x00000281fb72ef70 Exception <a 'java/net/SocketException'{0x00000006dbee6a00}: Connection reset by peer: shutdown> (0x00000006dbee6a00) 
thrown [s\open\src\hotspot\share\prims\jni.cpp, line 536]
Event: 1795.319 Thread 0x00000281f74def10 Exception <a 'java/io/IOException'{0x00000006d5805710}> (0x00000006d5805710) 
thrown [s\open\src\hotspot\share\prims\jni.cpp, line 517]
Event: 1799.630 Thread 0x00000281f74def10 Exception <a 'java/io/IOException'{0x00000006d5807b00}> (0x00000006d5807b00) 
thrown [s\open\src\hotspot\share\prims\jni.cpp, line 517]
Event: 3539.422 Thread 0x00000281f74e09a0 Exception <a 'java/net/SocketException'{0x00000006d11b6d50}: Connection reset by peer: shutdown> (0x00000006d11b6d50) 
thrown [s\open\src\hotspot\share\prims\jni.cpp, line 536]
Event: 3565.137 Thread 0x00000281f74def10 Exception <a 'java/net/SocketException'{0x00000006d0a42a08}: Connection reset by peer: shutdown> (0x00000006d0a42a08) 
thrown [s\open\src\hotspot\share\prims\jni.cpp, line 536]
Event: 3582.555 Thread 0x00000281f74e09a0 Exception <a 'java/net/SocketException'{0x00000006de250eb0}: Connection reset by peer: shutdown> (0x00000006de250eb0) 
thrown [s\open\src\hotspot\share\prims\jni.cpp, line 536]
Event: 5327.830 Thread 0x00000281f74dd9d0 Exception <a 'java/io/IOException'{0x00000006d26a2df8}> (0x00000006d26a2df8) 
thrown [s\open\src\hotspot\share\prims\jni.cpp, line 517]
Event: 5341.964 Thread 0x00000281f74dd9d0 Exception <a 'java/io/IOException'{0x00000006d1e03dc8}> (0x00000006d1e03dc8) 
thrown [s\open\src\hotspot\share\prims\jni.cpp, line 517]
Event: 5386.650 Thread 0x00000281fb72e4d0 Implicit null exception at 0x00000281dd75459b to 0x00000281dd754838
Event: 5387.660 Thread 0x00000281fb72e4d0 Implicit null exception at 0x00000281dd75459b to 0x00000281dd754838
Event: 5388.654 Thread 0x00000281fb72e4d0 Implicit null exception at 0x00000281dd75459b to 0x00000281dd754838
Event: 5389.649 Thread 0x00000281fb72e4d0 Implicit null exception at 0x00000281dd75459b to 0x00000281dd754838
Event: 7097.003 Thread 0x00000281f74def10 Exception <a 'java/io/IOException'{0x00000006d4805348}> (0x00000006d4805348) 
thrown [s\open\src\hotspot\share\prims\jni.cpp, line 517]
Event: 8891.478 Thread 0x00000281f74dd9d0 Exception <a 'java/io/IOException'{0x00000006de2d6698}> (0x00000006de2d6698) 
thrown [s\open\src\hotspot\share\prims\jni.cpp, line 517]
Event: 8909.450 Thread 0x00000281f74def10 Exception <a 'java/net/SocketException'{0x00000006dbc04690}: Connection reset by peer: shutdown> (0x00000006dbc04690) 
thrown [s\open\src\hotspot\share\prims\jni.cpp, line 536]
Event: 10245.677 Thread 0x00000281fb72aa60 Implicit null exception at 0x00000281dd30fe6b to 0x00000281dd315834
Event: 10246.103 Thread 0x00000281fb72aa60 Implicit null exception at 0x00000281dd423b25 to 0x00000281dd42401c

VM Operations (20 events):
Event: 8879.165 Executing VM operation: G1CollectForAllocation
Event: 8879.169 Executing VM operation: G1CollectForAllocation done
Event: 8880.174 Executing VM operation: Cleanup
Event: 8880.174 Executing VM operation: Cleanup done
Event: 8888.253 Executing VM operation: Cleanup
Event: 8888.253 Executing VM operation: Cleanup done
Event: 8892.300 Executing VM operation: Cleanup
Event: 8892.300 Executing VM operation: Cleanup done
Event: 8915.495 Executing VM operation: Cleanup
Event: 8915.495 Executing VM operation: Cleanup done
Event: 9529.659 Executing VM operation: G1CollectForAllocation
Event: 9529.663 Executing VM operation: G1CollectForAllocation done
Event: 10146.600 Executing VM operation: Cleanup
Event: 10146.600 Executing VM operation: Cleanup done
Event: 10216.779 Executing VM operation: G1CollectForAllocation
Event: 10216.798 Executing VM operation: G1CollectForAllocation done
Event: 10247.091 Executing VM operation: Cleanup
Event: 10247.091 Executing VM operation: Cleanup done
Event: 10248.105 Executing VM operation: Cleanup
Event: 10248.106 Executing VM operation: Cleanup done

Events (20 events):
Event: 8852.084 Thread 0x00000281f74def10 Thread added: 0x00000281f74def10
Event: 8852.085 Thread 0x00000281f74dd9d0 Thread added: 0x00000281f74dd9d0
Event: 8861.880 Thread 0x00000281f74def10 Thread exited: 0x00000281f74def10
Event: 8861.912 Thread 0x00000281f74dd9d0 Thread exited: 0x00000281f74dd9d0
Event: 8879.164 Thread 0x00000281f74def10 Thread added: 0x00000281f74def10
Event: 8879.169 Thread 0x00000281f74dd9d0 Thread added: 0x00000281f74dd9d0
Event: 8884.173 Thread 0x00000281f74def10 Thread exited: 0x00000281f74def10
Event: 8884.204 Thread 0x00000281f74dd9d0 Thread exited: 0x00000281f74dd9d0
Event: 8887.959 Thread 0x00000281f74dd9d0 Thread added: 0x00000281f74dd9d0
Event: 8887.959 Thread 0x00000281f74def10 Thread added: 0x00000281f74def10
Event: 8896.480 Thread 0x00000281f74dd9d0 Thread exited: 0x00000281f74dd9d0
Event: 8896.511 Thread 0x00000281f74def10 Thread exited: 0x00000281f74def10
Event: 8909.167 Thread 0x00000281f74def10 Thread added: 0x00000281f74def10
Event: 8909.167 Thread 0x00000281f74dd9d0 Thread added: 0x00000281f74dd9d0
Event: 8914.455 Thread 0x00000281f74def10 Thread exited: 0x00000281f74def10
Event: 8914.486 Thread 0x00000281f74dd9d0 Thread exited: 0x00000281f74dd9d0
Event: 8915.447 Thread 0x00000281f74dd9d0 Thread added: 0x00000281f74dd9d0
Event: 8915.448 Thread 0x00000281f74def10 Thread added: 0x00000281f74def10
Event: 8920.455 Thread 0x00000281f74dd9d0 Thread exited: 0x00000281f74dd9d0
Event: 8920.487 Thread 0x00000281f74def10 Thread exited: 0x00000281f74def10


Dynamic libraries:
0x00007ff629690000 - 0x00007ff62969e000 	C:\cursos\Java\jdk-19.0.2\bin\java.exe
0x00007ffa0e050000 - 0x00007ffa0e267000 	C:\WINDOWS\SYSTEM32\ntdll.dll
0x00007ffa0d000000 - 0x00007ffa0d0c4000 	C:\WINDOWS\System32\KERNEL32.DLL
0x00007ffa0b720000 - 0x00007ffa0bacd000 	C:\WINDOWS\System32\KERNELBASE.dll
0x00007ffa0b3f0000 - 0x00007ffa0b501000 	C:\WINDOWS\System32\ucrtbase.dll
0x00007ff9c1080000 - 0x00007ff9c109b000 	C:\cursos\Java\jdk-19.0.2\bin\VCRUNTIME140.dll
0x00007ff9c10a0000 - 0x00007ff9c10b7000 	C:\cursos\Java\jdk-19.0.2\bin\jli.dll
0x00007ffa0c340000 - 0x00007ffa0c4ee000 	C:\WINDOWS\System32\USER32.dll
0x00007ff9e3be0000 - 0x00007ff9e3e73000 	C:\WINDOWS\WinSxS\amd64_microsoft.windows.common-controls_6595b64144ccf1df_6.0.22621.3672_none_2713b9d173822955\COMCTL32.dll
0x00007ffa0bbf0000 - 0x00007ffa0bc16000 	C:\WINDOWS\System32\win32u.dll
0x00007ffa0c130000 - 0x00007ffa0c1d7000 	C:\WINDOWS\System32\msvcrt.dll
0x00007ffa0dbb0000 - 0x00007ffa0dbd9000 	C:\WINDOWS\System32\GDI32.dll
0x00007ffa0bad0000 - 0x00007ffa0bbe9000 	C:\WINDOWS\System32\gdi32full.dll
0x00007ffa0b510000 - 0x00007ffa0b5aa000 	C:\WINDOWS\System32\msvcp_win.dll
0x00007ffa0c660000 - 0x00007ffa0c691000 	C:\WINDOWS\System32\IMM32.DLL
0x00007ff9c1070000 - 0x00007ff9c107c000 	C:\cursos\Java\jdk-19.0.2\bin\vcruntime140_1.dll
0x00007ff9c0a50000 - 0x00007ff9c0ade000 	C:\cursos\Java\jdk-19.0.2\bin\msvcp140.dll
0x00007ff974a60000 - 0x00007ff975720000 	C:\cursos\Java\jdk-19.0.2\bin\server\jvm.dll
0x00007ffa0c5a0000 - 0x00007ffa0c652000 	C:\WINDOWS\System32\ADVAPI32.dll
0x00007ffa0c4f0000 - 0x00007ffa0c599000 	C:\WINDOWS\System32\sechost.dll
0x00007ffa0bc20000 - 0x00007ffa0bc48000 	C:\WINDOWS\System32\bcrypt.dll
0x00007ffa0d0d0000 - 0x00007ffa0d1e4000 	C:\WINDOWS\System32\RPCRT4.dll
0x00007ff9e68b0000 - 0x00007ff9e68b9000 	C:\WINDOWS\SYSTEM32\WSOCK32.dll
0x00007ffa04d70000 - 0x00007ffa04da4000 	C:\WINDOWS\SYSTEM32\WINMM.dll
0x00007ffa01ca0000 - 0x00007ffa01caa000 	C:\WINDOWS\SYSTEM32\VERSION.dll
0x00007ffa0d1f0000 - 0x00007ffa0d261000 	C:\WINDOWS\System32\WS2_32.dll
0x00007ffa0a3b0000 - 0x00007ffa0a3c8000 	C:\WINDOWS\SYSTEM32\kernel.appcore.dll
0x00007ff9c1060000 - 0x00007ff9c106a000 	C:\cursos\Java\jdk-19.0.2\bin\jimage.dll
0x00007ff9ff0d0000 - 0x00007ff9ff302000 	C:\WINDOWS\SYSTEM32\DBGHELP.DLL
0x00007ffa0d270000 - 0x00007ffa0d5f8000 	C:\WINDOWS\System32\combase.dll
0x00007ffa0bd90000 - 0x00007ffa0be67000 	C:\WINDOWS\System32\OLEAUT32.dll
0x00007ff9e5a00000 - 0x00007ff9e5a32000 	C:\WINDOWS\SYSTEM32\dbgcore.DLL
0x00007ffa0bd10000 - 0x00007ffa0bd8b000 	C:\WINDOWS\System32\bcryptPrimitives.dll
0x00007ffa044d0000 - 0x00007ffa044de000 	C:\cursos\Java\jdk-19.0.2\bin\instrument.dll
0x00007ff9c0d20000 - 0x00007ff9c0d46000 	C:\cursos\Java\jdk-19.0.2\bin\java.dll
0x00007ff9c0970000 - 0x00007ff9c0a47000 	C:\cursos\Java\jdk-19.0.2\bin\jsvml.dll
0x00007ffa0c7a0000 - 0x00007ffa0cfff000 	C:\WINDOWS\System32\SHELL32.dll
0x00007ffa09280000 - 0x00007ffa09b7c000 	C:\WINDOWS\SYSTEM32\windows.storage.dll
0x00007ffa09140000 - 0x00007ffa0927f000 	C:\WINDOWS\SYSTEM32\wintypes.dll
0x00007ffa0c1e0000 - 0x00007ffa0c2d4000 	C:\WINDOWS\System32\SHCORE.dll
0x00007ffa0dae0000 - 0x00007ffa0db3e000 	C:\WINDOWS\System32\shlwapi.dll
0x00007ffa0b2b0000 - 0x00007ffa0b2d1000 	C:\WINDOWS\SYSTEM32\profapi.dll
0x00007ff9c0ce0000 - 0x00007ff9c0cf8000 	C:\cursos\Java\jdk-19.0.2\bin\zip.dll
0x00007ff9c1040000 - 0x00007ff9c1053000 	C:\cursos\Java\jdk-19.0.2\bin\net.dll
0x00007ffa06f10000 - 0x00007ffa07046000 	C:\WINDOWS\SYSTEM32\WINHTTP.dll
0x00007ffa0a820000 - 0x00007ffa0a889000 	C:\WINDOWS\system32\mswsock.dll
0x00007ff9c0d00000 - 0x00007ff9c0d16000 	C:\cursos\Java\jdk-19.0.2\bin\nio.dll
0x00007ffa03100000 - 0x00007ffa0311a000 	C:\Program Files\JetBrains\IntelliJ IDEA Community Edition 2023.3.4\bin\breakgen64.dll
0x00007ff9c0960000 - 0x00007ff9c0968000 	C:\cursos\Java\jdk-19.0.2\bin\extnet.dll
0x00007ffa035b0000 - 0x00007ffa035ba000 	C:\cursos\Java\jdk-19.0.2\bin\management.dll
0x00007ffa035a0000 - 0x00007ffa035ab000 	C:\cursos\Java\jdk-19.0.2\bin\management_ext.dll
0x00007ffa0c300000 - 0x00007ffa0c308000 	C:\WINDOWS\System32\PSAPI.DLL
0x00007ffa0aa80000 - 0x00007ffa0aa9b000 	C:\WINDOWS\SYSTEM32\CRYPTSP.dll
0x00007ffa0a310000 - 0x00007ffa0a345000 	C:\WINDOWS\system32\rsaenh.dll
0x00007ffa0a920000 - 0x00007ffa0a948000 	C:\WINDOWS\SYSTEM32\USERENV.dll
0x00007ffa0aaa0000 - 0x00007ffa0aaac000 	C:\WINDOWS\SYSTEM32\CRYPTBASE.dll
0x00007ffa09df0000 - 0x00007ffa09e1d000 	C:\WINDOWS\SYSTEM32\IPHLPAPI.DLL
0x00007ffa0c310000 - 0x00007ffa0c319000 	C:\WINDOWS\System32\NSI.dll
0x00007ffa06ca0000 - 0x00007ffa06cb9000 	C:\WINDOWS\SYSTEM32\dhcpcsvc6.DLL
0x00007ffa06c40000 - 0x00007ffa06c5f000 	C:\WINDOWS\SYSTEM32\dhcpcsvc.DLL
0x00007ffa09e20000 - 0x00007ffa09f18000 	C:\WINDOWS\SYSTEM32\DNSAPI.dll
0x00007ffa03120000 - 0x00007ffa0312e000 	C:\cursos\Java\jdk-19.0.2\bin\sunmscapi.dll
0x00007ffa0b5b0000 - 0x00007ffa0b717000 	C:\WINDOWS\System32\CRYPT32.dll
0x00007ffa0ac40000 - 0x00007ffa0ac6e000 	C:\WINDOWS\SYSTEM32\ncrypt.dll
0x00007ffa0ac00000 - 0x00007ffa0ac37000 	C:\WINDOWS\SYSTEM32\NTASN1.dll
0x00007ff9c0930000 - 0x00007ff9c0940000 	C:\cursos\Java\jdk-19.0.2\bin\verify.dll
0x00007ffa04180000 - 0x00007ffa0418a000 	C:\Windows\System32\rasadhlp.dll
0x00007ffa03800000 - 0x00007ffa03883000 	C:\WINDOWS\System32\fwpuclnt.dll
0x00007ff9c7d60000 - 0x00007ff9c7d68000 	C:\WINDOWS\system32\wshunix.dll

dbghelp: loaded successfully - version: 4.0.5 - missing functions: none
symbol engine: initialized successfully - sym options: 0x614 - pdb path: .;C:\cursos\Java\jdk-19.0.2\bin;C:\WINDOWS\SYSTEM32;C:\WINDOWS\WinSxS\amd64_microsoft.windows.common-controls_6595b64144ccf1df_6.0.22621.3672_none_2713b9d173822955;C:\cursos\Java\jdk-19.0.2\bin\server;C:\Program Files\JetBrains\IntelliJ IDEA Community Edition 2023.3.4\bin

VM Arguments:
jvm_args: -javaagent:C:\Program Files\JetBrains\IntelliJ IDEA Community Edition 2023.3.4\lib\idea_rt.jar=50448:C:\Program Files\JetBrains\IntelliJ IDEA Community Edition 2023.3.4\bin -Dfile.encoding=UTF-8 -Dsun.stdout.encoding=UTF-8 -Dsun.stderr.encoding=UTF-8 
java_command: SpringBootRestctrlPagos.SpringBootRestctrlPagosApplication
java_class_path (initial): C:\cursos\Java\java_spring3\SpringBootRestctrlPagos\target\classes;C:\Users\lipab\.m2\repository\org\springframework\boot\spring-boot-starter-data-jpa\3.1.0\spring-boot-starter-data-jpa-3.1.0.jar;C:\Users\lipab\.m2\repository\org\springframework\boot\spring-boot-starter-aop\3.1.0\spring-boot-starter-aop-3.1.0.jar;C:\Users\lipab\.m2\repository\org\aspectj\aspectjweaver\1.9.19\aspectjweaver-1.9.19.jar;C:\Users\lipab\.m2\repository\org\springframework\boot\spring-boot-starter-jdbc\3.1.0\spring-boot-starter-jdbc-3.1.0.jar;C:\Users\lipab\.m2\repository\com\zaxxer\HikariCP\5.0.1\HikariCP-5.0.1.jar;C:\Users\lipab\.m2\repository\org\springframework\spring-jdbc\6.0.9\spring-jdbc-6.0.9.jar;C:\Users\lipab\.m2\repository\org\hibernate\orm\hibernate-core\6.2.2.Final\hibernate-core-6.2.2.Final.jar;C:\Users\lipab\.m2\repository\jakarta\persistence\jakarta.persistence-api\3.1.0\jakarta.persistence-api-3.1.0.jar;C:\Users\lipab\.m2\repository\jakarta\transaction\jakarta.transaction-api\2.0.1\jakarta.transaction-api-2.0.1.jar;C:\Users\lipab\.m2\repository\org\jboss\logging\jboss-logging\3.5.0.Final\jboss-logging-3.5.0.Final.jar;C:\Users\lipab\.m2\repository\org\hibernate\common\hibernate-commons-annotations\6.0.6.Final\hibernate-commons-annotations-6.0.6.Final.jar;C:\Users\lipab\.m2\repository\io\smallrye\jandex\3.0.5\jandex-3.0.5.jar;C:\Users\lipab\.m2\repository\com\fasterxml\classmate\1.5.1\classmate-1.5.1.jar;C:\Users\lipab\.m2\repository\net\bytebuddy\byte-buddy\1.14.4\byte-buddy-1.14.4.jar;C:\Users\lipab\.m2\repository\org\glassfish\jaxb\jaxb-runtime\4.0.2\jaxb-runtime-4.0.2.jar;C:\Users\lipab\.m2\repository\org\glassfish\jaxb\jaxb-core\4.0.2\jaxb-core-4.0.2.jar;C:\Users\lipab\.m2\repository\org\eclipse\angus\angus-activation\2.0.0\angus-activation-2.0.0.jar;C:\Users\lipab\.m2\repository\org\glassfish\jaxb\txw2\4.0.2\txw2-4.0.2.jar;C:\Users\lipab\.m2\repository\com\sun\istack\istack-commons-runtime\4.1.1\istack-commons-runtime-4.1.1.jar;C:\Users\lipab\.m2\repository\jakarta\inject\jakarta.inject-api\2.0.1\jakarta.inject-api-2.0.1.jar;C:\Users\lipab\.m2\repository\org\antlr\antlr4-runtime\4.10.1\antlr4-runtime-4.10.1.jar;C:\Users\lipab\.m2\repository\org\springframework\data\spring-data-jpa\3.1.0\spring-data-jpa-3.1.0.jar;C:\Users\lipab\.m2\repository\org\springframework\data\spring-data-commons\3.1.0\spring-data-commons-3.1.0.jar;C:\Users\lipab\.m2\repository\org\springframework\spring-orm\6.0.9\spring-orm-6.0.9.jar;C:\Users\lipab\.m2\repository\org\springframework\spring-context\6.0.9\spring-context-6.0.9.jar;C:\Users\lipab\.m2\repository\org\springframework\spring-tx\6.0.9\spring-tx-6.0.9.jar;C:\Users\lipab\.m2\repository\org\springframework\spring-beans\6.0.9\spring-beans-6.0.9.jar;C:\Users\lipab\.m2\repository\jakarta\annotation\jakarta.annotation-api\2.1.1\jakarta.annotation-api-2.1.1.jar;C:\Users\lipab\.m2\repository\org\slf4j\slf4j-api\2.0.7\slf4j-api-2.0.7.jar;C:\Users\lipab\.m2\repository\org\springframework\spring-aspects\6.0.9\spring-aspects-6.0.9.jar;C:\Users\lipab\.m2\repository\org\springframework\boot\spring-boot-starter-web\3.1.0\spring-boot-starter-web-3.1.0.jar;C:\Users\lipab\.m2\repository\org\springframework\boot\spring-boot-starter\3.1.0\spring-boot-starter-3.1.0.jar;C:\Users\lipab\.m2\repository\org\springframework\boot\spring-boot-starter-logging\3.1.0\spring-boot-starter-logging-3.1.0.jar;C:\Users\lipab\.m2\repository\ch\qos\logback\logback-classic\1.4.7\logback-classic-1.4.7.jar;C:\Users\lipab\.m2\repository\ch\qos\logback\logback-core\1.4.7\logback-core-1.4.7.jar;C:\Users\lipab\.m2\repository\org\apache\logging\log4j\log4j-to-slf4j\2.20.0\log4j-to-slf4j-2.20.0.jar;C:\Users\lipab\.m2\repository\org\apache\logging\log4j\log4j-api\2.20.0\log4j-api-2.20.0.jar;C:\Users\lipab\.m2\repository\org\slf4j\jul-to-slf4j\2.0.7\jul-to-slf4j-2.0.7.jar;C:\Users\lipab\.m2\repository\org\yaml\snakeyaml\1.33\snakeyaml-1.33.jar;C:\Users\lipab\.m2\repository\org\springframework\boot\spring-boot-starter-json\3.1.0\spring-boot-starter-json-3.1.0.jar;C:\Users\lipab\.m2\repository\com\fasterxml\jackson\datatype\jackson-datatype-jdk8\2.15.0\jackson-datatype-jdk8-2.15.0.jar;C:\Users\lipab\.m2\repository\com\fasterxml\jackson\datatype\jackson-datatype-jsr310\2.15.0\jackson-datatype-jsr310-2.15.0.jar;C:\Users\lipab\.m2\repository\com\fasterxml\jackson\module\jackson-module-parameter-names\2.15.0\jackson-module-parameter-names-2.15.0.jar;C:\Users\lipab\.m2\repository\org\springframework\boot\spring-boot-starter-tomcat\3.1.0\spring-boot-starter-tomcat-3.1.0.jar;C:\Users\lipab\.m2\repository\org\apache\tomcat\embed\tomcat-embed-core\10.1.8\tomcat-embed-core-10.1.8.jar;C:\Users\lipab\.m2\repository\org\apache\tomcat\embed\tomcat-embed-el\10.1.8\tomcat-embed-el-10.1.8.jar;C:\Users\lipab\.m2\repository\org\apache\tomcat\embed\tomcat-embed-websocket\10.1.8\tomcat-embed-websocket-10.1.8.jar;C:\Users\lipab\.m2\repository\org\springframework\spring-web\6.0.9\spring-web-6.0.9.jar;C:\Users\lipab\.m2\repository\io\micrometer\micrometer-observation\1.11.0\micrometer-observation-1.11.0.jar;C:\Users\lipab\.m2\repository\io\micrometer\micrometer-commons\1.11.0\micrometer-commons-1.11.0.jar;C:\Users\lipab\.m2\repository\org\springframework\spring-webmvc\6.0.9\spring-webmvc-6.0.9.jar;C:\Users\lipab\.m2\repository\org\springframework\spring-expression\6.0.9\spring-expression-6.0.9.jar;C:\Users\lipab\.m2\repository\org\springframework\boot\spring-boot-devtools\3.1.0\spring-boot-devtools-3.1.0.jar;C:\Users\lipab\.m2\repository\org\springframework\boot\spring-boot\3.1.0\spring-boot-3.1.0.jar;C:\Users\lipab\.m2\repository\org\springframework\boot\spring-boot-autoconfigure\3.1.0\spring-boot-autoconfigure-3.1.0.jar;C:\Users\lipab\.m2\repository\com\mysql\mysql-connector-j\8.0.33\mysql-connector-j-8.0.33.jar;C:\Users\lipab\.m2\repository\org\projectlombok\lombok\1.18.26\lombok-1.18.26.jar;C:\Users\lipab\.m2\repository\jakarta\xml\bind\jakarta.xml.bind-api\4.0.0\jakarta.xml.bind-api-4.0.0.jar;C:\Users\lipab\.m2\repository\jakarta\activation\jakarta.activation-api\2.1.2\jakarta.activation-api-2.1.2.jar;C:\Users\lipab\.m2\repository\org\springframework\spring-core\6.0.9\spring-core-6.0.9.jar;C:\Users\lipab\.m2\repository\org\springframework\spring-jcl\6.0.9\spring-jcl-6.0.9.jar;C:\Users\lipab\.m2\repository\org\springframework\boot\spring-boot-starter-security\3.1.0\spring-boot-starter-security-3.1.0.jar;C:\Users\lipab\.m2\repository\org\springframework\spring-aop\6.0.9\spring-aop-6.0.9.jar;C:\Users\lipab\.m2\repository\org\springframework\security\spring-security-config\6.1.0\spring-security-config-6.1.0.jar;C:\Users\lipab\.m2\repository\org\springframework\security\spring-security-web\6.1.0\spring-security-web-6.1.0.jar;C:\Users\lipab\.m2\repository\org\springframework\security\spring-security-core\6.1.0\spring-security-core-6.1.0.jar;C:\Users\lipab\.m2\repository\org\springframework\security\spring-security-crypto\6.1.0\spring-security-crypto-6.1.0.jar;C:\Users\lipab\.m2\repository\io\jsonwebtoken\jjwt-api\0.11.5\jjwt-api-0.11.5.jar;C:\Users\lipab\.m2\repository\io\jsonwebtoken\jjwt-impl\0.11.5\jjwt-impl-0.11.5.jar;C:\Users\lipab\.m2\repository\io\jsonwebtoken\jjwt-jackson\0.11.5\jjwt-jackson-0.11.5.jar;C:\Users\lipab\.m2\repository\com\fasterxml\jackson\core\jackson-databind\2.15.0\jackson-databind-2.15.0.jar;C:\Users\lipab\.m2\repository\com\fasterxml\jackson\core\jackson-annotations\2.15.0\jackson-annotations-2.15.0.jar;C:\Users\lipab\.m2\repository\com\fasterxml\jackson\core\jackson-core\2.15.0\jackson-core-2.15.0.jar
Launcher Type: SUN_STANDARD

[Global flags]
     intx CICompilerCount                          = 4                                         {product} {ergonomic}
     uint ConcGCThreads                            = 3                                         {product} {ergonomic}
     uint G1ConcRefinementThreads                  = 10                                        {product} {ergonomic}
   size_t G1HeapRegionSize                         = 4194304                                   {product} {ergonomic}
    uintx GCDrainStackTargetSize                   = 64                                        {product} {ergonomic}
   size_t InitialHeapSize                          = 327155712                                 {product} {ergonomic}
   size_t MarkStackSize                            = 4194304                                   {product} {ergonomic}
   size_t MaxHeapSize                              = 5188354048                                {product} {ergonomic}
   size_t MaxNewSize                               = 3112173568                                {product} {ergonomic}
   size_t MinHeapDeltaBytes                        = 4194304                                   {product} {ergonomic}
   size_t MinHeapSize                              = 8388608                                   {product} {ergonomic}
    uintx NonNMethodCodeHeapSize                   = 5839372                                {pd product} {ergonomic}
    uintx NonProfiledCodeHeapSize                  = 122909434                              {pd product} {ergonomic}
    uintx ProfiledCodeHeapSize                     = 122909434                              {pd product} {ergonomic}
    uintx ReservedCodeCacheSize                    = 251658240                              {pd product} {ergonomic}
     bool SegmentedCodeCache                       = true                                      {product} {ergonomic}
   size_t SoftMaxHeapSize                          = 5188354048                             {manageable} {ergonomic}
     bool UseCompressedClassPointers               = true                           {product lp64_product} {ergonomic}
     bool UseCompressedOops                        = true                           {product lp64_product} {ergonomic}
     bool UseG1GC                                  = true                                      {product} {ergonomic}
     bool UseLargePagesIndividualAllocation        = false                                  {pd product} {ergonomic}

Logging:
Log output configuration:
 #0: stdout all=warning uptime,level,tags foldmultilines=false
 #1: stderr all=off uptime,level,tags foldmultilines=false

Environment Variables:
JAVA_HOME=C:\cursos\Java\jdk-19.0.2
PATH=C:\Program Files (x86)\Common Files\Oracle\Java\java8path;C:\Program Files (x86)\Common Files\Oracle\Java\javapath;C:\cursos\SQL\product\11.2.0\dbhome_1\bin;C:\WINDOWS\system32;C:\WINDOWS;C:\WINDOWS\System32\Wbem;C:\WINDOWS\System32\WindowsPowerShell\v1.0\;C:\WINDOWS\System32\OpenSSH\;C:\Program Files\dotnet\;C:\Program Files\Apache Software Foundation\Tomcat 10.1\bin;C:\Program Files\nodejs\;C:\Program Files\Git\cmd;;C:\Program Files\HP\HP One Agent;C:\Program Files\Docker\Docker\resources\bin;C:\Program Files\PowerShell\7\;C:\Users\lipab\AppData\Local\Microsoft\WindowsApps;C:\Users\lipab\AppData\Local\Programs\Microsoft VS Code\bin;C:\cursos\Java\jdk-19.0.2\bin;C:\Users\lipab\AppData\Roaming\npm;C:\Users\lipab\AppData\Roaming\npm\node_modules\@angular\cli\bin;
USERNAME=lipab
OS=Windows_NT
PROCESSOR_IDENTIFIER=AMD64 Family 23 Model 104 Stepping 1, AuthenticAMD
TMP=C:\Users\lipab\AppData\Local\Temp
TEMP=C:\Users\lipab\AppData\Local\Temp



---------------  S Y S T E M  ---------------

OS:
 Windows 11 , 64 bit Build 22621 (10.0.22621.3672)
OS uptime: 1 days 3:52 hours
Hyper-V role detected

CPU: total 12 (initial active 12) (12 cores per cpu, 2 threads per core) family 23 model 104 stepping 1 microcode 0x0, cx8, cmov, fxsr, ht, mmx, 3dnowpref, sse, sse2, sse3, ssse3, sse4a, sse4.1, sse4.2, popcnt, lzcnt, tsc, tscinvbit, avx, avx2, aes, clmul, bmi1, bmi2, adx, sha, fma, vzeroupper, clflush, clflushopt, hv, rdtscp, rdpid

Memory: 4k page, system-wide physical 19790M (995M free)
TotalPageFile size 48590M (AvailPageFile size 0M)
current process WorkingSet (physical memory assigned to process): 194M, peak: 366M
current process commit charge ("private bytes"): 423M, peak: 487M

vm_info: OpenJDK 64-Bit Server VM (19.0.2+7-44) for windows-amd64 JRE (19.0.2+7-44), built on 2022-11-30T18:02:09Z by "mach5one" with MS VC++ 17.1 (VS2022)

END.
